Using pre-set license
Built from '2020.3/staging' branch; Version is '2020.3.19f1 (68f137dc9bbe) revision 6877495'; Using compiler version '192528614'; Build Type 'Release'
OS: 'Windows 10 Home Single Language; OS build 19044.1586; Version 2009; 64bit' Language: 'en' Physical Memory: 16267 MB
BatchMode: 1, IsHumanControllingUs: 0, StartBugReporterOnCrash: 0, Is64bit: 1, IsPro: 0

COMMAND LINE ARGUMENTS:
D:\Softwares\Unity\2020.3.19f1\Editor\Unity.exe
-adb2
-batchMode
-noUpm
-name
AssetImportWorker0
-projectPath
D:/Softwares/Unity/LABYRINTH
-logFile
Logs/AssetImportWorker0.log
-srvPort
5994
Successfully changed project path to: D:/Softwares/Unity/LABYRINTH
D:/Softwares/Unity/LABYRINTH
Using Asset Import Pipeline V2.
Refreshing native plugins compatible for Editor in 79.52 ms, found 5 plugins.
Preloading 0 native plugins for Editor in 0.00 ms.
Initialize engine version: 2020.3.19f1 (68f137dc9bbe)
[Subsystems] Discovering subsystems at path D:/Softwares/Unity/2020.3.19f1/Editor/Data/Resources/UnitySubsystems
[Subsystems] Discovering subsystems at path D:/Softwares/Unity/LABYRINTH/Assets
GfxDevice: creating device client; threaded=0
Direct3D:
    Version:  Direct3D 11.0 [level 11.1]
    Renderer: NVIDIA GeForce GTX 1050 Ti (ID=0x1c8c)
    Vendor:   
    VRAM:     4018 MB
    Driver:   30.0.15.1179
Initialize mono
Mono path[0] = 'D:/Softwares/Unity/2020.3.19f1/Editor/Data/Managed'
Mono path[1] = 'D:/Softwares/Unity/2020.3.19f1/Editor/Data/MonoBleedingEdge/lib/mono/unityjit'
Mono config path = 'D:/Softwares/Unity/2020.3.19f1/Editor/Data/MonoBleedingEdge/etc'
Using monoOptions --debugger-agent=transport=dt_socket,embedding=1,server=y,suspend=n,address=127.0.0.1:56356
Begin MonoManager ReloadAssembly
Registering precompiled unity dll's ...
Register platform support module: D:/Softwares/Unity/2020.3.19f1/Editor/Data/PlaybackEngines/WindowsStandaloneSupport/UnityEditor.WindowsStandalone.Extensions.dll
Registered in 0.002743 seconds.
Native extension for WindowsStandalone target not found
Refreshing native plugins compatible for Editor in 49.80 ms, found 5 plugins.
Preloading 0 native plugins for Editor in 0.00 ms.
Mono: successfully reloaded assembly
- Completed reload, in  3.642 seconds
Domain Reload Profiling:
	ReloadAssembly (3642ms)
		BeginReloadAssembly (99ms)
			ExecutionOrderSort (0ms)
			DisableScriptedObjects (0ms)
			BackupInstance (0ms)
			ReleaseScriptingObjects (0ms)
			CreateAndSetChildDomain (1ms)
		EndReloadAssembly (589ms)
			LoadAssemblies (99ms)
			RebuildTransferFunctionScriptingTraits (0ms)
			SetupTypeCache (214ms)
			ReleaseScriptCaches (0ms)
			RebuildScriptCaches (45ms)
			SetupLoadedEditorAssemblies (227ms)
				LogAssemblyErrors (0ms)
				InitializePlatformSupportModulesInManaged (5ms)
				SetLoadedEditorAssemblies (0ms)
				RefreshPlugins (50ms)
				BeforeProcessingInitializeOnLoad (23ms)
				ProcessInitializeOnLoadAttributes (108ms)
				ProcessInitializeOnLoadMethodAttributes (40ms)
				AfterProcessingInitializeOnLoad (0ms)
				EditorAssembliesLoaded (0ms)
			ExecutionOrderSort2 (0ms)
			AwakeInstancesAfterBackupRestoration (0ms)
Platform modules already initialized, skipping
Registering precompiled user dll's ...
Registered in 0.017066 seconds.
Begin MonoManager ReloadAssembly
Native extension for WindowsStandalone target not found
Refreshing native plugins compatible for Editor in 1.37 ms, found 5 plugins.
Preloading 0 native plugins for Editor in 0.00 ms.
Mono: successfully reloaded assembly
- Completed reload, in  1.571 seconds
Domain Reload Profiling:
	ReloadAssembly (1572ms)
		BeginReloadAssembly (244ms)
			ExecutionOrderSort (0ms)
			DisableScriptedObjects (7ms)
			BackupInstance (0ms)
			ReleaseScriptingObjects (0ms)
			CreateAndSetChildDomain (26ms)
		EndReloadAssembly (1250ms)
			LoadAssemblies (159ms)
			RebuildTransferFunctionScriptingTraits (0ms)
			SetupTypeCache (393ms)
			ReleaseScriptCaches (0ms)
			RebuildScriptCaches (65ms)
			SetupLoadedEditorAssemblies (513ms)
				LogAssemblyErrors (0ms)
				InitializePlatformSupportModulesInManaged (8ms)
				SetLoadedEditorAssemblies (1ms)
				RefreshPlugins (1ms)
				BeforeProcessingInitializeOnLoad (105ms)
				ProcessInitializeOnLoadAttributes (387ms)
				ProcessInitializeOnLoadMethodAttributes (7ms)
				AfterProcessingInitializeOnLoad (4ms)
				EditorAssembliesLoaded (0ms)
			ExecutionOrderSort2 (0ms)
			AwakeInstancesAfterBackupRestoration (9ms)
Platform modules already initialized, skipping
========================================================================
Worker process is ready to serve import requests
Launched and connected shader compiler UnityShaderCompiler.exe after 0.10 seconds
Refreshing native plugins compatible for Editor in 1.10 ms, found 5 plugins.
Preloading 0 native plugins for Editor in 0.00 ms.
Unloading 1512 Unused Serialized files (Serialized files now loaded: 0)
System memory in use before: 78.4 MB.
System memory in use after: 77.5 MB.

Unloading 105 unused Assets to reduce memory usage. Loaded Objects now: 1889.
Total: 5.040600 ms (FindLiveObjects: 0.201900 ms CreateObjectMapping: 0.073200 ms MarkObjects: 3.835300 ms  DeleteObjects: 0.928800 ms)

AssetImportParameters requested are different than current active one (requested -> active):
  custom:framework-win-MediaFoundation: 216162199b28c13a410421893ffa2e32 -> 
  custom:video-decoder-ogg-theora: a1e56fd34408186e4bbccfd4996cb3dc -> 
  custom:container-muxer-webm: aa71ff27fc2769a1b78a27578f13a17b -> 
  custom:container-demuxer-webm: 4f35f7cbe854078d1ac9338744f61a02 -> 
  custom:container-demuxer-ogg: 62fdf1f143b41e24485cea50d1cbac27 -> 
  custom:video-encoder-webm-vp8: eb34c28f22e8b96e1ab97ce403110664 -> 
  custom:video-decoder-webm-vp8: 9c59270c3fd7afecdb556c50c9e8de78 -> 
  custom:audio-decoder-ogg-vorbis: bf7c407c2cedff20999df2af8eb42d56 -> 
  custom:audio-encoder-webm-vorbis: bf7c407c2cedff20999df2af8eb42d56 -> 
========================================================================
Received Import Request.
  path: Assets/NCU
  artifactKey: Guid(0965384967640df41a94ba4856e20931) Importer(815301076,1909f56bfc062723c751e8b465ee728b)
Start importing Assets/NCU using Guid(0965384967640df41a94ba4856e20931) Importer(815301076,1909f56bfc062723c751e8b465ee728b)  -> (artifact id: '77a905417b7d349eaf2296309245d647') in 0.010131 seconds 
  Import took 0.013490 seconds .

========================================================================
Received Import Request.
  Time since last request: 7.680968 seconds.
  path: Assets/NCU/Sci-Fi
  artifactKey: Guid(3e5c50d5632d5dd4484ed94bb2c1918b) Importer(815301076,1909f56bfc062723c751e8b465ee728b)
Start importing Assets/NCU/Sci-Fi using Guid(3e5c50d5632d5dd4484ed94bb2c1918b) Importer(815301076,1909f56bfc062723c751e8b465ee728b)  -> (artifact id: '49f47a2f1d93cd5b105c82ee0cbb273e') in 0.009690 seconds 
  Import took 0.013825 seconds .

========================================================================
Received Prepare
Registering precompiled user dll's ...
Registered in 0.016224 seconds.
Begin MonoManager ReloadAssembly
Native extension for WindowsStandalone target not found
Refreshing native plugins compatible for Editor in 1.25 ms, found 5 plugins.
Preloading 0 native plugins for Editor in 0.00 ms.
Mono: successfully reloaded assembly
- Completed reload, in  1.671 seconds
Domain Reload Profiling:
	ReloadAssembly (1671ms)
		BeginReloadAssembly (190ms)
			ExecutionOrderSort (0ms)
			DisableScriptedObjects (6ms)
			BackupInstance (0ms)
			ReleaseScriptingObjects (0ms)
			CreateAndSetChildDomain (43ms)
		EndReloadAssembly (1388ms)
			LoadAssemblies (173ms)
			RebuildTransferFunctionScriptingTraits (0ms)
			SetupTypeCache (395ms)
			ReleaseScriptCaches (1ms)
			RebuildScriptCaches (54ms)
			SetupLoadedEditorAssemblies (626ms)
				LogAssemblyErrors (0ms)
				InitializePlatformSupportModulesInManaged (7ms)
				SetLoadedEditorAssemblies (1ms)
				RefreshPlugins (1ms)
				BeforeProcessingInitializeOnLoad (105ms)
				ProcessInitializeOnLoadAttributes (503ms)
				ProcessInitializeOnLoadMethodAttributes (6ms)
				AfterProcessingInitializeOnLoad (3ms)
				EditorAssembliesLoaded (0ms)
			ExecutionOrderSort2 (0ms)
			AwakeInstancesAfterBackupRestoration (10ms)
Platform modules already initialized, skipping
Switching build target platform(19) subTarget(0) extendedPlatform(0) -> platform(13) subTarget(537395200) extendedPlatform(0)
Refreshing native plugins compatible for Editor in 1.29 ms, found 5 plugins.
Preloading 0 native plugins for Editor in 0.00 ms.
Unloading 1564 Unused Serialized files (Serialized files now loaded: 0)
System memory in use before: 79.6 MB.
System memory in use after: 78.7 MB.

Unloading 157 unused Assets to reduce memory usage. Loaded Objects now: 1891.
Total: 5.191300 ms (FindLiveObjects: 0.254000 ms CreateObjectMapping: 0.094700 ms MarkObjects: 3.803800 ms  DeleteObjects: 1.025800 ms)

AssetImportParameters requested are different than current active one (requested -> active):
  custom:framework-win-MediaFoundation: 216162199b28c13a410421893ffa2e32 -> 
  custom:video-decoder-ogg-theora: a1e56fd34408186e4bbccfd4996cb3dc -> 
  custom:container-muxer-webm: aa71ff27fc2769a1b78a27578f13a17b -> 
  custom:container-demuxer-webm: 4f35f7cbe854078d1ac9338744f61a02 -> 
  custom:container-demuxer-ogg: 62fdf1f143b41e24485cea50d1cbac27 -> 
  custom:video-encoder-webm-vp8: eb34c28f22e8b96e1ab97ce403110664 -> 
  custom:video-decoder-webm-vp8: 9c59270c3fd7afecdb556c50c9e8de78 -> 
  custom:graphics/normal-map-encoding: 01000000000000000000000000000000 -> 02000000000000000000000000000000
  custom:audio-decoder-ogg-vorbis: bf7c407c2cedff20999df2af8eb42d56 -> 
  custom:audio-encoder-webm-vorbis: bf7c407c2cedff20999df2af8eb42d56 -> 
========================================================================
Received Prepare
Registering precompiled user dll's ...
Registered in 0.016351 seconds.
Begin MonoManager ReloadAssembly
Native extension for WindowsStandalone target not found
Refreshing native plugins compatible for Editor in 1.27 ms, found 5 plugins.
Preloading 0 native plugins for Editor in 0.00 ms.
Mono: successfully reloaded assembly
- Completed reload, in  1.670 seconds
Domain Reload Profiling:
	ReloadAssembly (1670ms)
		BeginReloadAssembly (187ms)
			ExecutionOrderSort (0ms)
			DisableScriptedObjects (7ms)
			BackupInstance (0ms)
			ReleaseScriptingObjects (0ms)
			CreateAndSetChildDomain (56ms)
		EndReloadAssembly (1396ms)
			LoadAssemblies (171ms)
			RebuildTransferFunctionScriptingTraits (0ms)
			SetupTypeCache (399ms)
			ReleaseScriptCaches (1ms)
			RebuildScriptCaches (55ms)
			SetupLoadedEditorAssemblies (633ms)
				LogAssemblyErrors (0ms)
				InitializePlatformSupportModulesInManaged (6ms)
				SetLoadedEditorAssemblies (1ms)
				RefreshPlugins (1ms)
				BeforeProcessingInitializeOnLoad (107ms)
				ProcessInitializeOnLoadAttributes (503ms)
				ProcessInitializeOnLoadMethodAttributes (7ms)
				AfterProcessingInitializeOnLoad (6ms)
				EditorAssembliesLoaded (0ms)
			ExecutionOrderSort2 (0ms)
			AwakeInstancesAfterBackupRestoration (10ms)
Platform modules already initialized, skipping
Switching build target platform(19) subTarget(0) extendedPlatform(0) -> platform(13) subTarget(537395200) extendedPlatform(0)
Refreshing native plugins compatible for Editor in 1.23 ms, found 5 plugins.
Preloading 0 native plugins for Editor in 0.00 ms.
Unloading 1564 Unused Serialized files (Serialized files now loaded: 0)
System memory in use before: 79.6 MB.
System memory in use after: 78.7 MB.

Unloading 157 unused Assets to reduce memory usage. Loaded Objects now: 1893.
Total: 5.063600 ms (FindLiveObjects: 0.200900 ms CreateObjectMapping: 0.084900 ms MarkObjects: 3.727800 ms  DeleteObjects: 1.048400 ms)

AssetImportParameters requested are different than current active one (requested -> active):
  custom:framework-win-MediaFoundation: 216162199b28c13a410421893ffa2e32 -> 
  custom:video-decoder-ogg-theora: a1e56fd34408186e4bbccfd4996cb3dc -> 
  custom:container-muxer-webm: aa71ff27fc2769a1b78a27578f13a17b -> 
  custom:container-demuxer-webm: 4f35f7cbe854078d1ac9338744f61a02 -> 
  custom:container-demuxer-ogg: 62fdf1f143b41e24485cea50d1cbac27 -> 
  custom:video-encoder-webm-vp8: eb34c28f22e8b96e1ab97ce403110664 -> 
  custom:video-decoder-webm-vp8: 9c59270c3fd7afecdb556c50c9e8de78 -> 
  custom:graphics/normal-map-encoding: 01000000000000000000000000000000 -> 02000000000000000000000000000000
  custom:audio-decoder-ogg-vorbis: bf7c407c2cedff20999df2af8eb42d56 -> 
  custom:audio-encoder-webm-vorbis: bf7c407c2cedff20999df2af8eb42d56 -> 
========================================================================
Received Import Request.
  Time since last request: 52.571937 seconds.
  path: Assets/NCU/Sci-Fi/Stage1
  artifactKey: Guid(fb051f06625f16448a5d5f6f5dee22bc) Importer(815301076,1909f56bfc062723c751e8b465ee728b)
Start importing Assets/NCU/Sci-Fi/Stage1 using Guid(fb051f06625f16448a5d5f6f5dee22bc) Importer(815301076,1909f56bfc062723c751e8b465ee728b)  -> (artifact id: '4fe549a0514c8f440ad7a9b8452d39ed') in 0.005735 seconds 
  Import took 0.009022 seconds .

========================================================================
Received Import Request.
  Time since last request: 54.278684 seconds.
  path: Assets/NCU/Sci-Fi/Scifi Assets/Free LowPoly SciFi Pack/Turret/turret.obj
  artifactKey: Guid(36f93d0ea92941d45ba8e551b7a27f2e) Importer(815301076,1909f56bfc062723c751e8b465ee728b)
Start importing Assets/NCU/Sci-Fi/Scifi Assets/Free LowPoly SciFi Pack/Turret/turret.obj using Guid(36f93d0ea92941d45ba8e551b7a27f2e) Importer(815301076,1909f56bfc062723c751e8b465ee728b)  -> (artifact id: 'd59736faf67e5e29e0311a2b09a0c70f') in 0.237689 seconds 
  Import took 0.241357 seconds .

========================================================================
Received Import Request.
  Time since last request: 0.331302 seconds.
  path: Assets/NCU/Sci-Fi/Scifi Assets/VolumetricLines/BuiltInRenderPipeline/Shaders/SingleLine-LightSaber.shader
  artifactKey: Guid(2d9a4ca4b2730b64e8aade7030f8caeb) Importer(815301076,1909f56bfc062723c751e8b465ee728b)
Start importing Assets/NCU/Sci-Fi/Scifi Assets/VolumetricLines/BuiltInRenderPipeline/Shaders/SingleLine-LightSaber.shader using Guid(2d9a4ca4b2730b64e8aade7030f8caeb) Importer(815301076,1909f56bfc062723c751e8b465ee728b)  -> (artifact id: '4bee4be763ea857d8ef4bc464a644d00') in 0.012215 seconds 
  Import took 0.015712 seconds .

========================================================================
Received Import Request.
  Time since last request: 0.558846 seconds.
  path: Assets/NCU/Sci-Fi/Scifi Assets/VolumetricLines/BuiltInRenderPipeline/Shaders/LineStrip-LightSaber.shader
  artifactKey: Guid(8ca03c355c08f5047bdf5b6f9ed24e51) Importer(815301076,1909f56bfc062723c751e8b465ee728b)
Start importing Assets/NCU/Sci-Fi/Scifi Assets/VolumetricLines/BuiltInRenderPipeline/Shaders/LineStrip-LightSaber.shader using Guid(8ca03c355c08f5047bdf5b6f9ed24e51) Importer(815301076,1909f56bfc062723c751e8b465ee728b)  -> (artifact id: '12ca3c977f2075dea027165c9b027f9d') in 0.009535 seconds 
  Import took 0.028576 seconds .

========================================================================
Received Import Request.
  Time since last request: 0.411845 seconds.
  path: Assets/NCU/Sci-Fi/Scifi Assets/VolumetricLines/BuiltInRenderPipeline/Shaders/SingleLine-TextureAlphaBlended.shader
  artifactKey: Guid(9b878c8c67298134b8206d18302e862e) Importer(815301076,1909f56bfc062723c751e8b465ee728b)
Start importing Assets/NCU/Sci-Fi/Scifi Assets/VolumetricLines/BuiltInRenderPipeline/Shaders/SingleLine-TextureAlphaBlended.shader using Guid(9b878c8c67298134b8206d18302e862e) Importer(815301076,1909f56bfc062723c751e8b465ee728b)  -> (artifact id: '927c0b6200ddad7b73ead68ddb3bb2d4') in 0.008083 seconds 
  Import took 0.011280 seconds .

========================================================================
Received Import Request.
  Time since last request: 0.116891 seconds.
  path: Assets/NCU/Sci-Fi/Scifi Assets/VolumetricLines/BuiltInRenderPipeline/Shaders/SingleLine-TextureAdditive.shader
  artifactKey: Guid(c7536b6df21e0894ca085bed81021836) Importer(815301076,1909f56bfc062723c751e8b465ee728b)
Start importing Assets/NCU/Sci-Fi/Scifi Assets/VolumetricLines/BuiltInRenderPipeline/Shaders/SingleLine-TextureAdditive.shader using Guid(c7536b6df21e0894ca085bed81021836) Importer(815301076,1909f56bfc062723c751e8b465ee728b)  -> (artifact id: 'a5af04790f5c00210e854a9929b065cf') in 0.009477 seconds 
  Import took 0.012868 seconds .

========================================================================
Received Import Request.
  Time since last request: 0.083975 seconds.
  path: Assets/NCU/Sci-Fi/Scifi Assets/VolumetricLines/BuiltInRenderPipeline/Shaders/LineStrip-TextureAlphaBlended.shader
  artifactKey: Guid(174173bcbfb7bff41ab736987776b31e) Importer(815301076,1909f56bfc062723c751e8b465ee728b)
Start importing Assets/NCU/Sci-Fi/Scifi Assets/VolumetricLines/BuiltInRenderPipeline/Shaders/LineStrip-TextureAlphaBlended.shader using Guid(174173bcbfb7bff41ab736987776b31e) Importer(815301076,1909f56bfc062723c751e8b465ee728b)  -> (artifact id: '8ff390f6a41ba720676813dba7675fc2') in 0.008138 seconds 
  Import took 0.011692 seconds .

========================================================================
Received Import Request.
  Time since last request: 1.002547 seconds.
  path: Assets/NCU/Sci-Fi/Scifi Assets/VolumetricLines/BuiltInRenderPipeline/Shaders/LineStrip-TextureAdditive.shader
  artifactKey: Guid(e833a1d82dd8ca1498c865fb06e09e42) Importer(815301076,1909f56bfc062723c751e8b465ee728b)
Start importing Assets/NCU/Sci-Fi/Scifi Assets/VolumetricLines/BuiltInRenderPipeline/Shaders/LineStrip-TextureAdditive.shader using Guid(e833a1d82dd8ca1498c865fb06e09e42) Importer(815301076,1909f56bfc062723c751e8b465ee728b)  -> (artifact id: '717c45b80c5e26335f6017d4c46a09fa') in 0.008856 seconds 
  Import took 0.012470 seconds .

========================================================================
Received Import Request.
  Time since last request: 218.748469 seconds.
  path: Assets/NCU/Sci-Fi/Stage1/ScifiStage1.unity
  artifactKey: Guid(9fc0d4010bbf28b4594072e72b8655ab) Importer(815301076,1909f56bfc062723c751e8b465ee728b)
Start importing Assets/NCU/Sci-Fi/Stage1/ScifiStage1.unity using Guid(9fc0d4010bbf28b4594072e72b8655ab) Importer(815301076,1909f56bfc062723c751e8b465ee728b)  -> (artifact id: '8a5fd9c75c57381b2d68af1748a1e04b') in 0.008467 seconds 
  Import took 0.012430 seconds .

========================================================================
Received Prepare
Registering precompiled user dll's ...
Registered in 0.018444 seconds.
Begin MonoManager ReloadAssembly
Native extension for WindowsStandalone target not found
Refreshing native plugins compatible for Editor in 1.33 ms, found 5 plugins.
Preloading 0 native plugins for Editor in 0.00 ms.
Mono: successfully reloaded assembly
- Completed reload, in  1.543 seconds
Domain Reload Profiling:
	ReloadAssembly (1543ms)
		BeginReloadAssembly (173ms)
			ExecutionOrderSort (0ms)
			DisableScriptedObjects (6ms)
			BackupInstance (0ms)
			ReleaseScriptingObjects (0ms)
			CreateAndSetChildDomain (44ms)
		EndReloadAssembly (1291ms)
			LoadAssemblies (158ms)
			RebuildTransferFunctionScriptingTraits (0ms)
			SetupTypeCache (395ms)
			ReleaseScriptCaches (1ms)
			RebuildScriptCaches (53ms)
			SetupLoadedEditorAssemblies (546ms)
				LogAssemblyErrors (0ms)
				InitializePlatformSupportModulesInManaged (7ms)
				SetLoadedEditorAssemblies (1ms)
				RefreshPlugins (1ms)
				BeforeProcessingInitializeOnLoad (96ms)
				ProcessInitializeOnLoadAttributes (432ms)
				ProcessInitializeOnLoadMethodAttributes (6ms)
				AfterProcessingInitializeOnLoad (4ms)
				EditorAssembliesLoaded (0ms)
			ExecutionOrderSort2 (0ms)
			AwakeInstancesAfterBackupRestoration (10ms)
Platform modules already initialized, skipping
Switching build target platform(19) subTarget(0) extendedPlatform(0) -> platform(13) subTarget(537395200) extendedPlatform(0)
Refreshing native plugins compatible for Editor in 1.21 ms, found 5 plugins.
Preloading 0 native plugins for Editor in 0.00 ms.
Unloading 1564 Unused Serialized files (Serialized files now loaded: 0)
System memory in use before: 83.1 MB.
System memory in use after: 82.2 MB.

Unloading 157 unused Assets to reduce memory usage. Loaded Objects now: 1938.
Total: 5.061200 ms (FindLiveObjects: 0.198100 ms CreateObjectMapping: 0.080300 ms MarkObjects: 3.787000 ms  DeleteObjects: 0.994500 ms)

AssetImportParameters requested are different than current active one (requested -> active):
  custom:framework-win-MediaFoundation: 216162199b28c13a410421893ffa2e32 -> 
  custom:video-decoder-ogg-theora: a1e56fd34408186e4bbccfd4996cb3dc -> 
  custom:container-muxer-webm: aa71ff27fc2769a1b78a27578f13a17b -> 
  custom:container-demuxer-webm: 4f35f7cbe854078d1ac9338744f61a02 -> 
  custom:container-demuxer-ogg: 62fdf1f143b41e24485cea50d1cbac27 -> 
  custom:video-encoder-webm-vp8: eb34c28f22e8b96e1ab97ce403110664 -> 
  custom:video-decoder-webm-vp8: 9c59270c3fd7afecdb556c50c9e8de78 -> 
  custom:graphics/normal-map-encoding: 01000000000000000000000000000000 -> 02000000000000000000000000000000
  custom:audio-decoder-ogg-vorbis: bf7c407c2cedff20999df2af8eb42d56 -> 
  custom:audio-encoder-webm-vorbis: bf7c407c2cedff20999df2af8eb42d56 -> 
========================================================================
Received Import Request.
  Time since last request: 104.168641 seconds.
  path: Assets/NCU/Sci-Fi/Stage1/ScifiStage1
  artifactKey: Guid(0411a2facd62eca4093c187961a1204a) Importer(815301076,1909f56bfc062723c751e8b465ee728b)
Start importing Assets/NCU/Sci-Fi/Stage1/ScifiStage1 using Guid(0411a2facd62eca4093c187961a1204a) Importer(815301076,1909f56bfc062723c751e8b465ee728b)  -> (artifact id: '1e6a48304bb7dcc64c231cae1e150f34') in 0.009497 seconds 
  Import took 0.013096 seconds .

========================================================================
Received Import Request.
  Time since last request: 0.009143 seconds.
  path: Assets/NCU/Sci-Fi/Stage1/ScifiStage1/LightingData.asset
  artifactKey: Guid(7754c6d9dc1627c49be08fd43aeeef7d) Importer(815301076,1909f56bfc062723c751e8b465ee728b)
Start importing Assets/NCU/Sci-Fi/Stage1/ScifiStage1/LightingData.asset using Guid(7754c6d9dc1627c49be08fd43aeeef7d) Importer(815301076,1909f56bfc062723c751e8b465ee728b)  -> (artifact id: 'b59f6e2d29702016fccab2058cf880ec') in 0.020878 seconds 
  Import took 0.024254 seconds .

========================================================================
Received Import Request.
  Time since last request: 0.609043 seconds.
  path: Assets/NCU/Sci-Fi/Stage1/ScifiStage1/ReflectionProbe-0.exr
  artifactKey: Guid(e1389e5369e9eea47a4c88bd36836bbf) Importer(815301076,1909f56bfc062723c751e8b465ee728b)
Start importing Assets/NCU/Sci-Fi/Stage1/ScifiStage1/ReflectionProbe-0.exr using Guid(e1389e5369e9eea47a4c88bd36836bbf) Importer(815301076,1909f56bfc062723c751e8b465ee728b)  -> (artifact id: '735cdcc51eeb1528ba72c0cb8937d8e4') in 0.074102 seconds 
  Import took 0.077315 seconds .

========================================================================
Received Prepare
Registering precompiled user dll's ...
Registered in 0.018714 seconds.
Begin MonoManager ReloadAssembly
Native extension for WindowsStandalone target not found
Refreshing native plugins compatible for Editor in 1.24 ms, found 5 plugins.
Preloading 0 native plugins for Editor in 0.00 ms.
Mono: successfully reloaded assembly
- Completed reload, in  1.679 seconds
Domain Reload Profiling:
	ReloadAssembly (1680ms)
		BeginReloadAssembly (208ms)
			ExecutionOrderSort (0ms)
			DisableScriptedObjects (11ms)
			BackupInstance (0ms)
			ReleaseScriptingObjects (0ms)
			CreateAndSetChildDomain (59ms)
		EndReloadAssembly (1384ms)
			LoadAssemblies (186ms)
			RebuildTransferFunctionScriptingTraits (0ms)
			SetupTypeCache (394ms)
			ReleaseScriptCaches (1ms)
			RebuildScriptCaches (62ms)
			SetupLoadedEditorAssemblies (593ms)
				LogAssemblyErrors (0ms)
				InitializePlatformSupportModulesInManaged (6ms)
				SetLoadedEditorAssemblies (1ms)
				RefreshPlugins (1ms)
				BeforeProcessingInitializeOnLoad (103ms)
				ProcessInitializeOnLoadAttributes (473ms)
				ProcessInitializeOnLoadMethodAttributes (6ms)
				AfterProcessingInitializeOnLoad (3ms)
				EditorAssembliesLoaded (0ms)
			ExecutionOrderSort2 (0ms)
			AwakeInstancesAfterBackupRestoration (10ms)
Platform modules already initialized, skipping
Switching build target platform(19) subTarget(0) extendedPlatform(0) -> platform(13) subTarget(537395200) extendedPlatform(0)
Refreshing native plugins compatible for Editor in 1.22 ms, found 5 plugins.
Preloading 0 native plugins for Editor in 0.00 ms.
Unloading 1564 Unused Serialized files (Serialized files now loaded: 0)
System memory in use before: 83.1 MB.
System memory in use after: 82.2 MB.

Unloading 157 unused Assets to reduce memory usage. Loaded Objects now: 1943.
Total: 5.165000 ms (FindLiveObjects: 0.217900 ms CreateObjectMapping: 0.088400 ms MarkObjects: 3.794300 ms  DeleteObjects: 1.062600 ms)

AssetImportParameters requested are different than current active one (requested -> active):
  custom:framework-win-MediaFoundation: 216162199b28c13a410421893ffa2e32 -> 
  custom:video-decoder-ogg-theora: a1e56fd34408186e4bbccfd4996cb3dc -> 
  custom:container-muxer-webm: aa71ff27fc2769a1b78a27578f13a17b -> 
  custom:container-demuxer-webm: 4f35f7cbe854078d1ac9338744f61a02 -> 
  custom:container-demuxer-ogg: 62fdf1f143b41e24485cea50d1cbac27 -> 
  custom:video-encoder-webm-vp8: eb34c28f22e8b96e1ab97ce403110664 -> 
  custom:video-decoder-webm-vp8: 9c59270c3fd7afecdb556c50c9e8de78 -> 
  custom:graphics/normal-map-encoding: 01000000000000000000000000000000 -> 02000000000000000000000000000000
  custom:audio-decoder-ogg-vorbis: bf7c407c2cedff20999df2af8eb42d56 -> 
  custom:audio-encoder-webm-vorbis: bf7c407c2cedff20999df2af8eb42d56 -> 
========================================================================
Received Prepare
Registering precompiled user dll's ...
Registered in 0.017903 seconds.
Begin MonoManager ReloadAssembly
Native extension for WindowsStandalone target not found
Refreshing native plugins compatible for Editor in 1.22 ms, found 5 plugins.
Preloading 0 native plugins for Editor in 0.00 ms.
Mono: successfully reloaded assembly
- Completed reload, in  1.691 seconds
Domain Reload Profiling:
	ReloadAssembly (1691ms)
		BeginReloadAssembly (194ms)
			ExecutionOrderSort (0ms)
			DisableScriptedObjects (9ms)
			BackupInstance (0ms)
			ReleaseScriptingObjects (0ms)
			CreateAndSetChildDomain (46ms)
		EndReloadAssembly (1406ms)
			LoadAssemblies (184ms)
			RebuildTransferFunctionScriptingTraits (0ms)
			SetupTypeCache (404ms)
			ReleaseScriptCaches (1ms)
			RebuildScriptCaches (62ms)
			SetupLoadedEditorAssemblies (617ms)
				LogAssemblyErrors (0ms)
				InitializePlatformSupportModulesInManaged (7ms)
				SetLoadedEditorAssemblies (1ms)
				RefreshPlugins (1ms)
				BeforeProcessingInitializeOnLoad (101ms)
				ProcessInitializeOnLoadAttributes (497ms)
				ProcessInitializeOnLoadMethodAttributes (6ms)
				AfterProcessingInitializeOnLoad (4ms)
				EditorAssembliesLoaded (0ms)
			ExecutionOrderSort2 (0ms)
			AwakeInstancesAfterBackupRestoration (10ms)
Platform modules already initialized, skipping
Switching build target platform(19) subTarget(0) extendedPlatform(0) -> platform(13) subTarget(537395200) extendedPlatform(0)
Refreshing native plugins compatible for Editor in 1.22 ms, found 5 plugins.
Preloading 0 native plugins for Editor in 0.00 ms.
Unloading 1564 Unused Serialized files (Serialized files now loaded: 0)
System memory in use before: 83.2 MB.
System memory in use after: 82.2 MB.

Unloading 157 unused Assets to reduce memory usage. Loaded Objects now: 1945.
Total: 5.411100 ms (FindLiveObjects: 0.327200 ms CreateObjectMapping: 0.123800 ms MarkObjects: 3.885400 ms  DeleteObjects: 1.072500 ms)

AssetImportParameters requested are different than current active one (requested -> active):
  custom:framework-win-MediaFoundation: 216162199b28c13a410421893ffa2e32 -> 
  custom:video-decoder-ogg-theora: a1e56fd34408186e4bbccfd4996cb3dc -> 
  custom:container-muxer-webm: aa71ff27fc2769a1b78a27578f13a17b -> 
  custom:container-demuxer-webm: 4f35f7cbe854078d1ac9338744f61a02 -> 
  custom:container-demuxer-ogg: 62fdf1f143b41e24485cea50d1cbac27 -> 
  custom:video-encoder-webm-vp8: eb34c28f22e8b96e1ab97ce403110664 -> 
  custom:video-decoder-webm-vp8: 9c59270c3fd7afecdb556c50c9e8de78 -> 
  custom:graphics/normal-map-encoding: 01000000000000000000000000000000 -> 02000000000000000000000000000000
  custom:audio-decoder-ogg-vorbis: bf7c407c2cedff20999df2af8eb42d56 -> 
  custom:audio-encoder-webm-vorbis: bf7c407c2cedff20999df2af8eb42d56 -> 
========================================================================
Received Prepare
Registering precompiled user dll's ...
Registered in 0.020933 seconds.
Begin MonoManager ReloadAssembly
Native extension for WindowsStandalone target not found
Refreshing native plugins compatible for Editor in 1.28 ms, found 5 plugins.
Preloading 0 native plugins for Editor in 0.00 ms.
Mono: successfully reloaded assembly
- Completed reload, in  1.553 seconds
Domain Reload Profiling:
	ReloadAssembly (1553ms)
		BeginReloadAssembly (174ms)
			ExecutionOrderSort (0ms)
			DisableScriptedObjects (10ms)
			BackupInstance (0ms)
			ReleaseScriptingObjects (0ms)
			CreateAndSetChildDomain (43ms)
		EndReloadAssembly (1301ms)
			LoadAssemblies (162ms)
			RebuildTransferFunctionScriptingTraits (0ms)
			SetupTypeCache (380ms)
			ReleaseScriptCaches (1ms)
			RebuildScriptCaches (53ms)
			SetupLoadedEditorAssemblies (561ms)
				LogAssemblyErrors (0ms)
				InitializePlatformSupportModulesInManaged (7ms)
				SetLoadedEditorAssemblies (1ms)
				RefreshPlugins (1ms)
				BeforeProcessingInitializeOnLoad (95ms)
				ProcessInitializeOnLoadAttributes (448ms)
				ProcessInitializeOnLoadMethodAttributes (5ms)
				AfterProcessingInitializeOnLoad (3ms)
				EditorAssembliesLoaded (0ms)
			ExecutionOrderSort2 (0ms)
			AwakeInstancesAfterBackupRestoration (9ms)
Platform modules already initialized, skipping
Switching build target platform(19) subTarget(0) extendedPlatform(0) -> platform(13) subTarget(537395200) extendedPlatform(0)
Refreshing native plugins compatible for Editor in 1.21 ms, found 5 plugins.
Preloading 0 native plugins for Editor in 0.00 ms.
Unloading 1564 Unused Serialized files (Serialized files now loaded: 0)
System memory in use before: 83.2 MB.
System memory in use after: 82.2 MB.

Unloading 157 unused Assets to reduce memory usage. Loaded Objects now: 1947.
Total: 5.487700 ms (FindLiveObjects: 0.209800 ms CreateObjectMapping: 0.075700 ms MarkObjects: 4.124700 ms  DeleteObjects: 1.076300 ms)

AssetImportParameters requested are different than current active one (requested -> active):
  custom:framework-win-MediaFoundation: 216162199b28c13a410421893ffa2e32 -> 
  custom:video-decoder-ogg-theora: a1e56fd34408186e4bbccfd4996cb3dc -> 
  custom:container-muxer-webm: aa71ff27fc2769a1b78a27578f13a17b -> 
  custom:container-demuxer-webm: 4f35f7cbe854078d1ac9338744f61a02 -> 
  custom:container-demuxer-ogg: 62fdf1f143b41e24485cea50d1cbac27 -> 
  custom:video-encoder-webm-vp8: eb34c28f22e8b96e1ab97ce403110664 -> 
  custom:video-decoder-webm-vp8: 9c59270c3fd7afecdb556c50c9e8de78 -> 
  custom:graphics/normal-map-encoding: 01000000000000000000000000000000 -> 02000000000000000000000000000000
  custom:audio-decoder-ogg-vorbis: bf7c407c2cedff20999df2af8eb42d56 -> 
  custom:audio-encoder-webm-vorbis: bf7c407c2cedff20999df2af8eb42d56 -> 
========================================================================
Received Import Request.
  Time since last request: 327.939127 seconds.
  path: Assets/NCU/Sci-Fi/Scripts/Level/LevelController.cs
  artifactKey: Guid(90f2605f7250ff845a6e87013bd8dc88) Importer(815301076,1909f56bfc062723c751e8b465ee728b)
Start importing Assets/NCU/Sci-Fi/Scripts/Level/LevelController.cs using Guid(90f2605f7250ff845a6e87013bd8dc88) Importer(815301076,1909f56bfc062723c751e8b465ee728b)  -> (artifact id: '48698c3b0719b7219e5bbfb538f009b9') in 0.014053 seconds 
  Import took 0.018056 seconds .

========================================================================
Received Import Request.
  Time since last request: 0.435348 seconds.
  path: Assets/NCU/Sci-Fi/Scripts/Portal/Portal.cs
  artifactKey: Guid(61db58dcc2d15da48b0757f399c5e30e) Importer(815301076,1909f56bfc062723c751e8b465ee728b)
Start importing Assets/NCU/Sci-Fi/Scripts/Portal/Portal.cs using Guid(61db58dcc2d15da48b0757f399c5e30e) Importer(815301076,1909f56bfc062723c751e8b465ee728b)  -> (artifact id: 'd962481ec609f62c973397f474b91955') in 0.030445 seconds 
  Import took 0.037140 seconds .

========================================================================
Received Import Request.
  Time since last request: 0.179849 seconds.
  path: Assets/NCU/Sci-Fi/Scripts/GoalPoint/GoalPoint.cs
  artifactKey: Guid(ae04fd1cf775ba7439db761ffde0732e) Importer(815301076,1909f56bfc062723c751e8b465ee728b)
Start importing Assets/NCU/Sci-Fi/Scripts/GoalPoint/GoalPoint.cs using Guid(ae04fd1cf775ba7439db761ffde0732e) Importer(815301076,1909f56bfc062723c751e8b465ee728b)  -> (artifact id: '2f88261a2476c32215af548605d7882f') in 0.007036 seconds 
  Import took 0.010277 seconds .

========================================================================
Received Import Request.
  Time since last request: 0.093946 seconds.
  path: Assets/NCU/Sci-Fi/Scripts/Turret/TurretTrigger.cs
  artifactKey: Guid(3a8a06dc1f31b2e46b6f463c98432197) Importer(815301076,1909f56bfc062723c751e8b465ee728b)
Start importing Assets/NCU/Sci-Fi/Scripts/Turret/TurretTrigger.cs using Guid(3a8a06dc1f31b2e46b6f463c98432197) Importer(815301076,1909f56bfc062723c751e8b465ee728b)  -> (artifact id: 'f0593d5243f41d7697eeaa1b9dfbda3e') in 0.008038 seconds 
  Import took 0.012132 seconds .

========================================================================
Received Import Request.
  Time since last request: 0.558039 seconds.
  path: Assets/NCU/Sci-Fi/Scripts/Camera/FollowCamera.cs
  artifactKey: Guid(654f777acbb8cbb4a827f5533b46d1a3) Importer(815301076,1909f56bfc062723c751e8b465ee728b)
Start importing Assets/NCU/Sci-Fi/Scripts/Camera/FollowCamera.cs using Guid(654f777acbb8cbb4a827f5533b46d1a3) Importer(815301076,1909f56bfc062723c751e8b465ee728b)  -> (artifact id: 'e411081ff3bf7e7312960c0273f92b8b') in 0.007339 seconds 
  Import took 0.011428 seconds .

========================================================================
Received Import Request.
  Time since last request: 11.880094 seconds.
  path: Assets/NCU/Sci-Fi/Scripts/Level/LevelManager.cs
  artifactKey: Guid(9334d79c8fc34304c811e00a5f88908f) Importer(815301076,1909f56bfc062723c751e8b465ee728b)
Start importing Assets/NCU/Sci-Fi/Scripts/Level/LevelManager.cs using Guid(9334d79c8fc34304c811e00a5f88908f) Importer(815301076,1909f56bfc062723c751e8b465ee728b)  -> (artifact id: 'ee5a5f11ed99993633a74ae62f737525') in 0.006720 seconds 
  Import took 0.010157 seconds .

========================================================================
Received Import Request.
  Time since last request: 8.961940 seconds.
  path: Assets/NCU/Sci-Fi/Scripts/Turret/Turret.cs
  artifactKey: Guid(96a92b2043776204598f8a2c9b3dd92c) Importer(815301076,1909f56bfc062723c751e8b465ee728b)
Start importing Assets/NCU/Sci-Fi/Scripts/Turret/Turret.cs using Guid(96a92b2043776204598f8a2c9b3dd92c) Importer(815301076,1909f56bfc062723c751e8b465ee728b)  -> (artifact id: 'beef914a71f91633c35476b4b68358c7') in 0.006190 seconds 
  Import took 0.009631 seconds .

========================================================================
Received Prepare
Registering precompiled user dll's ...
Registered in 0.016180 seconds.
Begin MonoManager ReloadAssembly
Native extension for WindowsStandalone target not found
Refreshing native plugins compatible for Editor in 1.37 ms, found 5 plugins.
Preloading 0 native plugins for Editor in 0.00 ms.
Mono: successfully reloaded assembly
- Completed reload, in  1.652 seconds
Domain Reload Profiling:
	ReloadAssembly (1652ms)
		BeginReloadAssembly (191ms)
			ExecutionOrderSort (0ms)
			DisableScriptedObjects (6ms)
			BackupInstance (0ms)
			ReleaseScriptingObjects (0ms)
			CreateAndSetChildDomain (49ms)
		EndReloadAssembly (1364ms)
			LoadAssemblies (183ms)
			RebuildTransferFunctionScriptingTraits (0ms)
			SetupTypeCache (410ms)
			ReleaseScriptCaches (2ms)
			RebuildScriptCaches (57ms)
			SetupLoadedEditorAssemblies (577ms)
				LogAssemblyErrors (0ms)
				InitializePlatformSupportModulesInManaged (7ms)
				SetLoadedEditorAssemblies (1ms)
				RefreshPlugins (1ms)
				BeforeProcessingInitializeOnLoad (96ms)
				ProcessInitializeOnLoadAttributes (462ms)
				ProcessInitializeOnLoadMethodAttributes (6ms)
				AfterProcessingInitializeOnLoad (3ms)
				EditorAssembliesLoaded (0ms)
			ExecutionOrderSort2 (0ms)
			AwakeInstancesAfterBackupRestoration (9ms)
Platform modules already initialized, skipping
Switching build target platform(19) subTarget(0) extendedPlatform(0) -> platform(13) subTarget(537395200) extendedPlatform(0)
Refreshing native plugins compatible for Editor in 1.27 ms, found 5 plugins.
Preloading 0 native plugins for Editor in 0.00 ms.
Unloading 1564 Unused Serialized files (Serialized files now loaded: 0)
System memory in use before: 83.2 MB.
System memory in use after: 82.3 MB.

Unloading 157 unused Assets to reduce memory usage. Loaded Objects now: 1949.
Total: 7.792900 ms (FindLiveObjects: 0.210300 ms CreateObjectMapping: 0.125100 ms MarkObjects: 4.337400 ms  DeleteObjects: 3.116200 ms)

AssetImportParameters requested are different than current active one (requested -> active):
  custom:framework-win-MediaFoundation: 216162199b28c13a410421893ffa2e32 -> 
  custom:video-decoder-ogg-theora: a1e56fd34408186e4bbccfd4996cb3dc -> 
  custom:container-muxer-webm: aa71ff27fc2769a1b78a27578f13a17b -> 
  custom:container-demuxer-webm: 4f35f7cbe854078d1ac9338744f61a02 -> 
  custom:container-demuxer-ogg: 62fdf1f143b41e24485cea50d1cbac27 -> 
  custom:video-encoder-webm-vp8: eb34c28f22e8b96e1ab97ce403110664 -> 
  custom:video-decoder-webm-vp8: 9c59270c3fd7afecdb556c50c9e8de78 -> 
  custom:graphics/normal-map-encoding: 01000000000000000000000000000000 -> 02000000000000000000000000000000
  custom:audio-decoder-ogg-vorbis: bf7c407c2cedff20999df2af8eb42d56 -> 
  custom:audio-encoder-webm-vorbis: bf7c407c2cedff20999df2af8eb42d56 -> 
AssetImportWorkerClient::OnTransportError - code=2 error=End of file
